1505723668494	geckodriver	INFO	Listening on 127.0.0.1:56914
1505723670385	geckodriver::marionette	INFO	Starting browser \\?\C:\Program Files\Mozilla Firefox\firefox.exe with args ["-marionette"]
1505723672651	addons.manager	ERROR	startup failed: [Exception... "Component returned failure code: 0x80070057 (NS_ERROR_ILLEGAL_VALUE) [nsIFile.create]"  nsresult: "0x80070057 (NS_ERROR_ILLEGAL_VALUE)"  location: "JS frame :: resource://gre/modules/FileUtils.jsm :: FileUtils_getDir :: line 70"  data: no] Stack trace: FileUtils_getDir()@resource://gre/modules/FileUtils.jsm:70 < FileUtils_getFile()@resource://gre/modules/FileUtils.jsm:42 < validateBlocklist()@resource://gre/modules/AddonManager.jsm:656 < startup()@resource://gre/modules/AddonManager.jsm:816 < startup()@resource://gre/modules/AddonManager.jsm:3122 < observe()@jar:file://///%3F/C:/Program%20Files/Mozilla%20Firefox/omni.ja!/components/addonManager.js:65
JavaScript error: resource://gre/modules/AddonManager.jsm, line 1596: NS_ERROR_NOT_INITIALIZED: AddonManager is not initialized
1505723673834	Marionette	INFO	Enabled via --marionette
Unable to read VR Path Registry from C:\Users\Javier\AppData\Local\openvr\openvrpaths.vrpath
JavaScript error: resource://gre/modules/AddonManager.jsm, line 2465: NS_ERROR_NOT_INITIALIZED: AddonManager is not initialized
JavaScript error: resource://gre/modules/AddonManager.jsm, line 3137: TypeError: AddonManagerInternal._getProviderByName(...) is undefined
1505723680080	Marionette	INFO	Listening on port 56920
1505723680146	Marionette	WARN	TLS certificate errors will be ignored for this session
1505723680180	Marionette	INFO	Listening on port 56920
JavaScript error: resource:///modules/WindowsJumpLists.jsm, line 394: NS_ERROR_FILE_NOT_FOUND: Component returned failure code: 0x80520012 (NS_ERROR_FILE_NOT_FOUND) [nsIJumpListShortcut.app]
JavaScript error: resource:///modules/WindowsJumpLists.jsm, line 394: NS_ERROR_FILE_NOT_FOUND: Component returned failure code: 0x80520012 (NS_ERROR_FILE_NOT_FOUND) [nsIJumpListShortcut.app]
JavaScript error: resource:///modules/WindowsJumpLists.jsm, line 394: NS_ERROR_FILE_NOT_FOUND: Component returned failure code: 0x80520012 (NS_ERROR_FILE_NOT_FOUND) [nsIJumpListShortcut.app]
JavaScript error: resource://gre/modules/AddonManager.jsm, line 1359: NS_ERROR_NOT_INITIALIZED: AddonManager is not initialized
JavaScript error: resource://gre/modules/FileUtils.jsm, line 70: NS_ERROR_ILLEGAL_VALUE: Component returned failure code: 0x80070057 (NS_ERROR_ILLEGAL_VALUE) [nsIFile.create]
JavaScript error: resource:///modules/WindowsJumpLists.jsm, line 394: NS_ERROR_FILE_NOT_FOUND: Component returned failure code: 0x80520012 (NS_ERROR_FILE_NOT_FOUND) [nsIJumpListShortcut.app]
ailure code: 0x80470002 (NS_BASE_STREAM_CLOSED) [nsIInputStream.available]"  nsresult: "0x80470002 (NS_BASE_STREAM_CLOSED)"  location: "JS frame :: resource://gre/modules/commonjs/toolkit/loader.js -> resource://devtools/shared/DevToolsUtils.js :: onResponse :: line 449"  data: no]
Stack: onResponse@resource://gre/modules/commonjs/toolkit/loader.js -> resource://devtools/shared/DevToolsUtils.js:449:23
onStopRequest@resource://gre/modules/NetUtil.jsm:128:17
Line: 449, column: 0
TabSources.prototype._fetchSourceMap threw an exception: [Exception... "Component returned failure code: 0x80470002 (NS_BASE_STREAM_CLOSED) [nsIInputStream.available]"  nsresult: "0x80470002 (NS_BASE_STREAM_CLOSED)"  location: "JS frame :: resource://gre/modules/commonjs/toolkit/loader.js -> resource://devtools/shared/DevToolsUtils.js :: onResponse :: line 449"  data: no]
Stack: onResponse@resource://gre/modules/commonjs/toolkit/loader.js -> resource://devtools/shared/DevToolsUtils.js:449:23
onStopRequest@resource://gre/modules/NetUtil.jsm:128:17
Line: 449, column: 0
console.error: 
  TabSources.prototype._fetchSourceMap threw an exception: [Exception... "Component returned failure code: 0x80470002 (NS_BASE_STREAM_CLOSED) [nsIInputStream.available]"  nsresult: "0x80470002 (NS_BASE_STREAM_CLOSED)"  location: "JS frame :: resource://gre/modules/commonjs/toolkit/loader.js -> resource://devtools/shared/DevToolsUtils.js :: onResponse :: line 449"  data: no]
Stack: onResponse@resource://gre/modules/commonjs/toolkit/loader.js -> resource://devtools/shared/DevToolsUtils.js:449:23
onStopRequest@resource://gre/modules/NetUtil.jsm:128:17
Line: 449, column: 0
TabSources.prototype._fetchSourceMap threw an exception: [Exception... "Component returned failure code: 0x80470002 (NS_BASE_STREAM_CLOSED) [nsIInputStream.available]"  nsresult: "0x80470002 (NS_BASE_STREAM_CLOSED)"  location: "JS frame :: resource://gre/modules/commonjs/toolkit/loader.js -> resource://devtools/shared/DevToolsUtils.js :: onResponse :: line 449"  data: no]
Stack: onResponse@resource://gre/modules/commonjs/toolkit/loader.js -> resource://devtools/shared/DevToolsUtils.js:449:23
onStopRequest@resource://gre/modules/NetUtil.jsm:128:17
Line: 449, column: 0
console.error: 
  TabSources.prototype._fetchSourceMap threw an exception: [Exception... "Component returned failure code: 0x80470002 (NS_BASE_STREAM_CLOSED) [nsIInputStream.available]"  nsresult: "0x80470002 (NS_BASE_STREAM_CLOSED)"  location: "JS frame :: resource://gre/modules/commonjs/toolkit/loader.js -> resource://devtools/shared/DevToolsUtils.js :: onResponse :: line 449"  data: no]
Stack: onResponse@resource://gre/modules/commonjs/toolkit/loader.js -> resource://devtools/shared/DevToolsUtils.js:449:23
onStopRequest@resource://gre/modules/NetUtil.jsm:128:17
Line: 449, column: 0
JavaScript error: resource:///modules/WindowsJumpLists.jsm, line 394: NS_ERROR_FILE_NOT_FOUND: Component returned failure code: 0x80520012 (NS_ERROR_FILE_NOT_FOUND) [nsIJumpListShortcut.app]
JavaScript error: resource:///modules/WindowsJumpLists.jsm, line 394: NS_ERROR_FILE_NOT_FOUND: Component returned failure code: 0x80520012 (NS_ERROR_FILE_NOT_FOUND) [nsIJumpListShortcut.app]
JavaScript error: resource://gre/modules/commonjs/toolkit/loader.js -> resource://devtools/server/main.js, line 1521: TypeError: this.transport is null
